<?xml version="1.0" encoding="UTF-8"?>
<!-- Generated by org.testng.reporters.JUnitReportReporter -->
<testsuite hostname="LenovoIdeaPad" failures="0" tests="1" name="com.BooksWagon.Runner.TestRunner" time="0.242" errors="0" timestamp="2023-12-14T13:37:01 IST" skipped="0">
  <testcase classname="com.BooksWagon.Runner.TestRunner" name="runScenario" time="0.242"/>
  <system-out/>
</testsuite> <!-- com.BooksWagon.Runner.TestRunner -->
